<?xml version="1.0" encoding="UTF-8"?>
<!-- Generated by org.testng.reporters.JUnitXMLReporter -->
<testsuite ignored="0" hostname="DESKTOP-IDVLP9L" failures="0" tests="2" name="Surefire test" time="0.135" errors="0" timestamp="2024-10-21T23:29:40 IST">
  <testcase classname="Base.BaseClass" name="@BeforeClass setUp" time="-1.729533580074E9">
    <failure type="org.testng.TestNGException" message="
Parameter &amp;apos;os&amp;apos; is required by BeforeClass on method setUp but has not been marked @Optional or defined
">
      <![CDATA[org.testng.TestNGException: 
Parameter 'os' is required by BeforeClass on method setUp but has not been marked @Optional or defined

at java.base/java.util.ArrayList.forEach(ArrayList.java:1597)
... Removed 27 stack frames]]>
    </failure>
  </testcase> <!-- @BeforeClass setUp -->
  <testcase classname="Base.BaseClass" name="@AfterClass tearDown" time="0.0">
    <skipped/>
  </testcase> <!-- @AfterClass tearDown -->
  <testcase classname="Base.BaseClass" name="@BeforeClass setUp" time="-1.729533580159E9">
    <failure type="org.testng.TestNGException" message="
Parameter &amp;apos;os&amp;apos; is required by BeforeClass on method setUp but has not been marked @Optional or defined
">
      <![CDATA[org.testng.TestNGException: 
Parameter 'os' is required by BeforeClass on method setUp but has not been marked @Optional or defined

at java.base/java.util.ArrayList.forEach(ArrayList.java:1597)
... Removed 27 stack frames]]>
    </failure>
  </testcase> <!-- @BeforeClass setUp -->
  <testcase classname="Base.BaseClass" name="@AfterClass tearDown" time="0.0">
    <skipped/>
  </testcase> <!-- @AfterClass tearDown -->
  <testcase classname="TestCases.TC02_LoginTest" name="LoginCheck" time="0.0">
    <skipped/>
  </testcase> <!-- LoginCheck -->
  <testcase classname="TestCases.TC07_VerifyTestCase" name="verify_testPage" time="0.001">
    <skipped/>
  </testcase> <!-- verify_testPage -->
</testsuite> <!-- Surefire test -->
