<?xml version="1.0" encoding="UTF-8"?>
<!-- Generated by org.testng.reporters.JUnitXMLReporter -->
<testsuite ignored="0" hostname="DESKTOP-IDVLP9L" failures="1" tests="1" name="Test" time="24.732" errors="0" timestamp="2024-08-04T22:00:23 IST">
  <testcase classname="TestCases.TC04_LogOutUser" name="Logout" time="0.103">
    <failure type="java.lang.AssertionError" message="expected [] but found [Automation Exercise]">
      <![CDATA[java.lang.AssertionError: expected [] but found [Automation Exercise]
at TestCases.TC04_LogOutUser.Logout(TC04_LogOutUser.java:15)
at java.base/java.util.ArrayList.forEach(ArrayList.java:1597)
... Removed 31 stack frames]]>
    </failure>
  </testcase> <!-- Logout -->
</testsuite> <!-- Test -->
