<?xml version="1.0" encoding="UTF-8"?>
<testng-results ignored="0" total="1" passed="1" failed="0" skipped="0">
  <reporter-output>
  </reporter-output>
  <suite started-at="2025-01-05T19:44:21 IST" name="Suite" finished-at="2025-01-05T19:44:42 IST" duration-ms="21902">
    <groups>
    </groups>
    <test started-at="2025-01-05T19:44:21 IST" name="Test" finished-at="2025-01-05T19:44:42 IST" duration-ms="21902">
      <class name="TestCases.TC13_VerifyProductQuantityInCart">
        <test-method is-config="true" signature="setUp(java.lang.String,java.lang.String)[pri:0, instance:TestCases.TC13_VerifyProductQuantityInCart@1e5f4170]" started-at="2025-01-05T19:44:21 IST" name="setUp" finished-at="2025-01-05T19:44:34 IST" duration-ms="12998" status="PASS">
          <params>
            <param index="0">
              <value>
                <![CDATA[Windows]]>
              </value>
            </param>
            <param index="1">
              <value>
                <![CDATA[chrome]]>
              </value>
            </param>
          </params>
          <reporter-output>
          </reporter-output>
        </test-method> <!-- setUp -->
        <test-method signature="VerifyQuantity()[pri:0, instance:TestCases.TC13_VerifyProductQuantityInCart@1e5f4170]" started-at="2025-01-05T19:44:34 IST" name="VerifyQuantity" finished-at="2025-01-05T19:44:39 IST" duration-ms="5364" status="PASS">
          <reporter-output>
          </reporter-output>
        </test-method> <!-- VerifyQuantity -->
        <test-method is-config="true" signature="tearDown()[pri:0, instance:TestCases.TC13_VerifyProductQuantityInCart@1e5f4170]" started-at="2025-01-05T19:44:39 IST" name="tearDown" finished-at="2025-01-05T19:44:42 IST" duration-ms="3452" status="PASS">
          <reporter-output>
          </reporter-output>
        </test-method> <!-- tearDown -->
      </class> <!-- TestCases.TC13_VerifyProductQuantityInCart -->
    </test> <!-- Test -->
  </suite> <!-- Suite -->
</testng-results>
