<?xml version="1.0" encoding="UTF-8"?>
<testng-results ignored="0" total="1" passed="1" failed="0" skipped="0">
  <reporter-output>
  </reporter-output>
  <suite started-at="2024-08-21T15:39:21 IST" name="Suite" finished-at="2024-08-21T15:39:39 IST" duration-ms="18429">
    <groups>
    </groups>
    <test started-at="2024-08-21T15:39:21 IST" name="Test" finished-at="2024-08-21T15:39:39 IST" duration-ms="18429">
      <class name="TestCases.TC05_RegisterUserWithExitingEmail">
        <test-method is-config="true" signature="setUp(java.lang.String,java.lang.String)[pri:0, instance:TestCases.TC05_RegisterUserWithExitingEmail@53142455]" started-at="2024-08-21T15:39:21 IST" name="setUp" finished-at="2024-08-21T15:39:33 IST" duration-ms="11649" status="PASS">
          <params>
            <param index="0">
              <value>
                <![CDATA[Windows]]>
              </value>
            </param>
            <param index="1">
              <value>
                <![CDATA[chrome]]>
              </value>
            </param>
          </params>
          <reporter-output>
          </reporter-output>
        </test-method> <!-- setUp -->
        <test-method signature="chechWithExitingEmail()[pri:0, instance:TestCases.TC05_RegisterUserWithExitingEmail@53142455]" started-at="2024-08-21T15:39:33 IST" name="chechWithExitingEmail" finished-at="2024-08-21T15:39:36 IST" duration-ms="3366" status="PASS">
          <reporter-output>
          </reporter-output>
        </test-method> <!-- chechWithExitingEmail -->
        <test-method is-config="true" signature="tearDown()[pri:0, instance:TestCases.TC05_RegisterUserWithExitingEmail@53142455]" started-at="2024-08-21T15:39:36 IST" name="tearDown" finished-at="2024-08-21T15:39:39 IST" duration-ms="3325" status="PASS">
          <reporter-output>
          </reporter-output>
        </test-method> <!-- tearDown -->
      </class> <!-- TestCases.TC05_RegisterUserWithExitingEmail -->
    </test> <!-- Test -->
  </suite> <!-- Suite -->
</testng-results>
